<?xml version="1.0" encoding="UTF-8"?>
<!-- Generated by org.testng.reporters.JUnitXMLReporter -->
<testsuite hostname="PAVELVORONT95D5" ignored="0" name="testng-maven" tests="1" failures="1" timestamp="23 Sep 2018 14:54:26 GMT" time="80.117" errors="0">
  <testcase name="test" time="18.787" classname="rbc.qa_automation_assignment.AmazonTest">
    <failure type="java.lang.AssertionError" message="expected [E-mail address or mobile phone numbe] but found [E-mail address or mobile phone number]">
      <![CDATA[java.lang.AssertionError: expected [E-mail address or mobile phone numbe] but found [E-mail address or mobile phone number]
at pageClassRepo.AmazonPageClassRepo.verifyEmailMobileLabel(AmazonPageClassRepo.java:112)
at rbc.qa_automation_assignment.AmazonTest.test(AmazonTest.java:38)
... Removed 30 stack frames]]>
    </failure>
  </testcase> <!-- test -->
</testsuite> <!-- testng-maven -->
