<?xml version="1.0" encoding="UTF-8"?>
<testng-results skipped="0" failed="0" ignored="0" total="1" passed="1">
  <reporter-output>
  </reporter-output>
  <suite name="Suite1" duration-ms="86446" started-at="2018-09-21T18:25:32Z" finished-at="2018-09-21T18:26:58Z">
    <groups>
    </groups>
    <test name="AmazonTest1" duration-ms="86446" started-at="2018-09-21T18:25:32Z" finished-at="2018-09-21T18:26:58Z">
      <class name="rbc.qa_automation_assignment.AmazonTest">
        <test-method status="PASS" signature="beforeClassTest()[pri:0, instance:rbc.qa_automation_assignment.AmazonTest@47f6473]" name="beforeClassTest" is-config="true" duration-ms="47838" started-at="2018-09-21T18:25:32Z" finished-at="2018-09-21T18:26:19Z">
          <reporter-output>
          </reporter-output>
        </test-method> <!-- beforeClassTest -->
        <test-method status="PASS" signature="test()[pri:0, instance:rbc.qa_automation_assignment.AmazonTest@47f6473]" name="test" duration-ms="36032" started-at="2018-09-21T18:26:19Z" finished-at="2018-09-21T18:26:55Z">
          <reporter-output>
          </reporter-output>
        </test-method> <!-- test -->
        <test-method status="PASS" signature="afterClassTest()[pri:0, instance:rbc.qa_automation_assignment.AmazonTest@47f6473]" name="afterClassTest" is-config="true" duration-ms="2482" started-at="2018-09-21T18:26:55Z" finished-at="2018-09-21T18:26:58Z">
          <reporter-output>
          </reporter-output>
        </test-method> <!-- afterClassTest -->
      </class> <!-- rbc.qa_automation_assignment.AmazonTest -->
    </test> <!-- AmazonTest1 -->
  </suite> <!-- Suite1 -->
</testng-results>
